Copyright 1986-2019 Xilinx, Inc. All Rights Reserved.
--------------------------------------------------------------------------------------------------------------------------------------------------------------------------------------------------
| Tool Version : Vivado v.2019.1 (lin64) Build 2552052 Fri May 24 14:47:09 MDT 2019
| Date         : Fri Nov  4 14:45:48 2022
| Host         : vlsi16 running 64-bit CentOS Linux release 7.9.2009 (Core)
| Command      : report_timing_summary -max_paths 10 -file top_level_timing_summary_routed.rpt -pb top_level_timing_summary_routed.pb -rpx top_level_timing_summary_routed.rpx -warn_on_violation
| Design       : top_level
| Device       : 7a100t-csg324
| Speed File   : -1  PRODUCTION 1.23 2018-06-13
--------------------------------------------------------------------------------------------------------------------------------------------------------------------------------------------------

Timing Summary Report

------------------------------------------------------------------------------------------------
| Timer Settings
| --------------
------------------------------------------------------------------------------------------------

  Enable Multi Corner Analysis               :  Yes
  Enable Pessimism Removal                   :  Yes
  Pessimism Removal Resolution               :  Nearest Common Node
  Enable Input Delay Default Clock           :  No
  Enable Preset / Clear Arcs                 :  No
  Disable Flight Delays                      :  No
  Ignore I/O Paths                           :  No
  Timing Early Launch at Borrowing Latches   :  No
  Borrow Time for Max Delay Exceptions       :  Yes

  Corner  Analyze    Analyze    
  Name    Max Paths  Min Paths  
  ------  ---------  ---------  
  Slow    Yes        Yes        
  Fast    Yes        Yes        



check_timing report

Table of Contents
-----------------
1. checking no_clock
2. checking constant_clock
3. checking pulse_width_clock
4. checking unconstrained_internal_endpoints
5. checking no_input_delay
6. checking no_output_delay
7. checking multiple_clock
8. checking generated_clocks
9. checking loops
10. checking partial_input_delay
11. checking partial_output_delay
12. checking latch_loops

1. checking no_clock
--------------------
 There is 1 register/latch pin with no clock driven by root clock pin: cd/genblk1[0].cd1_/divided_clk_reg/Q (HIGH)

 There is 1 register/latch pin with no clock driven by root clock pin: cd/genblk1[10].cd1_/divided_clk_reg/Q (HIGH)

 There is 1 register/latch pin with no clock driven by root clock pin: cd/genblk1[11].cd1_/divided_clk_reg/Q (HIGH)

 There is 1 register/latch pin with no clock driven by root clock pin: cd/genblk1[12].cd1_/divided_clk_reg/Q (HIGH)

 There is 1 register/latch pin with no clock driven by root clock pin: cd/genblk1[13].cd1_/divided_clk_reg/Q (HIGH)

 There is 1 register/latch pin with no clock driven by root clock pin: cd/genblk1[14].cd1_/divided_clk_reg/Q (HIGH)

 There is 1 register/latch pin with no clock driven by root clock pin: cd/genblk1[15].cd1_/divided_clk_reg/Q (HIGH)

 There is 1 register/latch pin with no clock driven by root clock pin: cd/genblk1[16].cd1_/divided_clk_reg/Q (HIGH)

 There is 1 register/latch pin with no clock driven by root clock pin: cd/genblk1[17].cd1_/divided_clk_reg/Q (HIGH)

 There is 1 register/latch pin with no clock driven by root clock pin: cd/genblk1[18].cd1_/divided_clk_reg/Q (HIGH)

 There are 58 register/latch pins with no clock driven by root clock pin: cd/genblk1[19].cd1_/divided_clk_reg/Q (HIGH)

 There is 1 register/latch pin with no clock driven by root clock pin: cd/genblk1[1].cd1_/divided_clk_reg/Q (HIGH)

 There is 1 register/latch pin with no clock driven by root clock pin: cd/genblk1[2].cd1_/divided_clk_reg/Q (HIGH)

 There is 1 register/latch pin with no clock driven by root clock pin: cd/genblk1[3].cd1_/divided_clk_reg/Q (HIGH)

 There is 1 register/latch pin with no clock driven by root clock pin: cd/genblk1[4].cd1_/divided_clk_reg/Q (HIGH)

 There is 1 register/latch pin with no clock driven by root clock pin: cd/genblk1[5].cd1_/divided_clk_reg/Q (HIGH)

 There is 1 register/latch pin with no clock driven by root clock pin: cd/genblk1[6].cd1_/divided_clk_reg/Q (HIGH)

 There is 1 register/latch pin with no clock driven by root clock pin: cd/genblk1[7].cd1_/divided_clk_reg/Q (HIGH)

 There is 1 register/latch pin with no clock driven by root clock pin: cd/genblk1[8].cd1_/divided_clk_reg/Q (HIGH)

 There is 1 register/latch pin with no clock driven by root clock pin: cd/genblk1[9].cd1_/divided_clk_reg/Q (HIGH)


2. checking constant_clock
--------------------------
 There are 0 register/latch pins with constant_clock.


3. checking pulse_width_clock
-----------------------------
 There are 0 register/latch pins which need pulse_width check


4. checking unconstrained_internal_endpoints
--------------------------------------------
 There are 154 pins that are not constrained for maximum delay. (HIGH)

 There are 0 pins that are not constrained for maximum delay due to constant clock.


5. checking no_input_delay
--------------------------
 There is 1 input port with no input delay specified. (HIGH)

 There are 0 input ports with no input delay but user has a false path constraint.


6. checking no_output_delay
---------------------------
 There are 13 ports with no output delay specified. (HIGH)

 There are 0 ports with no output delay but user has a false path constraint

 There are 0 ports with no output delay but with a timing clock defined on it or propagating through it


7. checking multiple_clock
--------------------------
 There are 0 register/latch pins with multiple clocks.


8. checking generated_clocks
----------------------------
 There are 0 generated clocks that are not connected to a clock source.


9. checking loops
-----------------
 There are 0 combinational loops in the design.


10. checking partial_input_delay
--------------------------------
 There are 0 input ports with partial input delay specified.


11. checking partial_output_delay
---------------------------------
 There are 0 ports with partial output delay specified.


12. checking latch_loops
------------------------
 There are 0 combinational latch loops in the design through latch input



------------------------------------------------------------------------------------------------
| Design Timing Summary
| ---------------------
------------------------------------------------------------------------------------------------

    WNS(ns)      TNS(ns)  TNS Failing Endpoints  TNS Total Endpoints      WHS(ns)      THS(ns)  THS Failing Endpoints  THS Total Endpoints     WPWS(ns)     TPWS(ns)  TPWS Failing Endpoints  TPWS Total Endpoints  
    -------      -------  ---------------------  -------------------      -------      -------  ---------------------  -------------------     --------     --------  ----------------------  --------------------  
      8.908        0.000                      0                    1        0.263        0.000                      0                    1        4.500        0.000                       0                     2  


All user specified timing constraints are met.


------------------------------------------------------------------------------------------------
| Clock Summary
| -------------
------------------------------------------------------------------------------------------------

Clock        Waveform(ns)       Period(ns)      Frequency(MHz)
-----        ------------       ----------      --------------
sys_clk_pin  {0.000 5.000}      10.000          100.000         


------------------------------------------------------------------------------------------------
| Intra Clock Table
| -----------------
------------------------------------------------------------------------------------------------

Clock             WNS(ns)      TNS(ns)  TNS Failing Endpoints  TNS Total Endpoints      WHS(ns)      THS(ns)  THS Failing Endpoints  THS Total Endpoints     WPWS(ns)     TPWS(ns)  TPWS Failing Endpoints  TPWS Total Endpoints  
-----             -------      -------  ---------------------  -------------------      -------      -------  ---------------------  -------------------     --------     --------  ----------------------  --------------------  
sys_clk_pin         8.908        0.000                      0                    1        0.263        0.000                      0                    1        4.500        0.000                       0                     2  


------------------------------------------------------------------------------------------------
| Inter Clock Table
| -----------------
------------------------------------------------------------------------------------------------

From Clock    To Clock          WNS(ns)      TNS(ns)  TNS Failing Endpoints  TNS Total Endpoints      WHS(ns)      THS(ns)  THS Failing Endpoints  THS Total Endpoints  
----------    --------          -------      -------  ---------------------  -------------------      -------      -------  ---------------------  -------------------  


------------------------------------------------------------------------------------------------
| Other Path Groups Table
| -----------------------
------------------------------------------------------------------------------------------------

Path Group    From Clock    To Clock          WNS(ns)      TNS(ns)  TNS Failing Endpoints  TNS Total Endpoints      WHS(ns)      THS(ns)  THS Failing Endpoints  THS Total Endpoints  
----------    ----------    --------          -------      -------  ---------------------  -------------------      -------      -------  ---------------------  -------------------  


------------------------------------------------------------------------------------------------
| Timing Details
| --------------
------------------------------------------------------------------------------------------------


---------------------------------------------------------------------------------------------------
From Clock:  sys_clk_pin
  To Clock:  sys_clk_pin

Setup :            0  Failing Endpoints,  Worst Slack        8.908ns,  Total Violation        0.000ns
Hold  :            0  Failing Endpoints,  Worst Slack        0.263ns,  Total Violation        0.000ns
PW    :            0  Failing Endpoints,  Worst Slack        4.500ns,  Total Violation        0.000ns
---------------------------------------------------------------------------------------------------


Max Delay Paths
--------------------------------------------------------------------------------------
Slack (MET) :             8.908ns  (required time - arrival time)
  Source:                 cd/genblk1[0].cd1_/divided_clk_reg/C
                            (rising edge-triggered cell FDCE clocked by sys_clk_pin  {rise@0.000ns fall@5.000ns period=10.000ns})
  Destination:            cd/genblk1[0].cd1_/divided_clk_reg/D
                            (rising edge-triggered cell FDCE clocked by sys_clk_pin  {rise@0.000ns fall@5.000ns period=10.000ns})
  Path Group:             sys_clk_pin
  Path Type:              Setup (Max at Slow Process Corner)
  Requirement:            10.000ns  (sys_clk_pin rise@10.000ns - sys_clk_pin rise@0.000ns)
  Data Path Delay:        1.085ns  (logic 0.580ns (53.444%)  route 0.505ns (46.556%))
  Logic Levels:           1  (LUT1=1)
  Clock Path Skew:        0.000ns (DCD - SCD + CPR)
    Destination Clock Delay (DCD):    5.010ns = ( 15.010 - 10.000 ) 
    Source Clock Delay      (SCD):    5.311ns
    Clock Pessimism Removal (CPR):    0.301ns
  Clock Uncertainty:      0.035ns  ((TSJ^2 + TIJ^2)^1/2 + DJ) / 2 + PE
    Total System Jitter     (TSJ):    0.071ns
    Total Input Jitter      (TIJ):    0.000ns
    Discrete Jitter          (DJ):    0.000ns
    Phase Error              (PE):    0.000ns

    Location             Delay type                Incr(ns)  Path(ns)    Netlist Resource(s)
  -------------------------------------------------------------------    -------------------
                         (clock sys_clk_pin rise edge)
                                                      0.000     0.000 r  
    E3                                                0.000     0.000 r  CLK (IN)
                         net (fo=0)                   0.000     0.000    CLK
    E3                   IBUF (Prop_ibuf_I_O)         1.482     1.482 r  CLK_IBUF_inst/O
                         net (fo=1, routed)           2.025     3.506    CLK_IBUF
    BUFGCTRL_X0Y16       BUFG (Prop_bufg_I_O)         0.096     3.602 r  CLK_IBUF_BUFG_inst/O
                         net (fo=1, routed)           1.709     5.311    cd/genblk1[0].cd1_/CLK_IBUF_BUFG
    SLICE_X5Y102         FDCE                                         r  cd/genblk1[0].cd1_/divided_clk_reg/C
  -------------------------------------------------------------------    -------------------
    SLICE_X5Y102         FDCE (Prop_fdce_C_Q)         0.456     5.767 f  cd/genblk1[0].cd1_/divided_clk_reg/Q
                         net (fo=2, routed)           0.505     6.273    cd/genblk1[0].cd1_/divided_clk_reg_0
    SLICE_X5Y102         LUT1 (Prop_lut1_I0_O)        0.124     6.397 r  cd/genblk1[0].cd1_/divided_clk_i_1__0/O
                         net (fo=1, routed)           0.000     6.397    cd/genblk1[0].cd1_/p_0_in
    SLICE_X5Y102         FDCE                                         r  cd/genblk1[0].cd1_/divided_clk_reg/D
  -------------------------------------------------------------------    -------------------

                         (clock sys_clk_pin rise edge)
                                                     10.000    10.000 r  
    E3                                                0.000    10.000 r  CLK (IN)
                         net (fo=0)                   0.000    10.000    CLK
    E3                   IBUF (Prop_ibuf_I_O)         1.411    11.411 r  CLK_IBUF_inst/O
                         net (fo=1, routed)           1.920    13.331    CLK_IBUF
    BUFGCTRL_X0Y16       BUFG (Prop_bufg_I_O)         0.091    13.422 r  CLK_IBUF_BUFG_inst/O
                         net (fo=1, routed)           1.588    15.010    cd/genblk1[0].cd1_/CLK_IBUF_BUFG
    SLICE_X5Y102         FDCE                                         r  cd/genblk1[0].cd1_/divided_clk_reg/C
                         clock pessimism              0.301    15.311    
                         clock uncertainty           -0.035    15.276    
    SLICE_X5Y102         FDCE (Setup_fdce_C_D)        0.029    15.305    cd/genblk1[0].cd1_/divided_clk_reg
  -------------------------------------------------------------------
                         required time                         15.305    
                         arrival time                          -6.397    
  -------------------------------------------------------------------
                         slack                                  8.908    





Min Delay Paths
--------------------------------------------------------------------------------------
Slack (MET) :             0.263ns  (arrival time - required time)
  Source:                 cd/genblk1[0].cd1_/divided_clk_reg/C
                            (rising edge-triggered cell FDCE clocked by sys_clk_pin  {rise@0.000ns fall@5.000ns period=10.000ns})
  Destination:            cd/genblk1[0].cd1_/divided_clk_reg/D
                            (rising edge-triggered cell FDCE clocked by sys_clk_pin  {rise@0.000ns fall@5.000ns period=10.000ns})
  Path Group:             sys_clk_pin
  Path Type:              Hold (Min at Fast Process Corner)
  Requirement:            0.000ns  (sys_clk_pin rise@0.000ns - sys_clk_pin rise@0.000ns)
  Data Path Delay:        0.354ns  (logic 0.186ns (52.507%)  route 0.168ns (47.493%))
  Logic Levels:           1  (LUT1=1)
  Clock Path Skew:        0.000ns (DCD - SCD - CPR)
    Destination Clock Delay (DCD):    2.034ns
    Source Clock Delay      (SCD):    1.517ns
    Clock Pessimism Removal (CPR):    0.516ns

    Location             Delay type                Incr(ns)  Path(ns)    Netlist Resource(s)
  -------------------------------------------------------------------    -------------------
                         (clock sys_clk_pin rise edge)
                                                      0.000     0.000 r  
    E3                                                0.000     0.000 r  CLK (IN)
                         net (fo=0)                   0.000     0.000    CLK
    E3                   IBUF (Prop_ibuf_I_O)         0.250     0.250 r  CLK_IBUF_inst/O
                         net (fo=1, routed)           0.644     0.894    CLK_IBUF
    BUFGCTRL_X0Y16       BUFG (Prop_bufg_I_O)         0.026     0.920 r  CLK_IBUF_BUFG_inst/O
                         net (fo=1, routed)           0.598     1.517    cd/genblk1[0].cd1_/CLK_IBUF_BUFG
    SLICE_X5Y102         FDCE                                         r  cd/genblk1[0].cd1_/divided_clk_reg/C
  -------------------------------------------------------------------    -------------------
    SLICE_X5Y102         FDCE (Prop_fdce_C_Q)         0.141     1.658 f  cd/genblk1[0].cd1_/divided_clk_reg/Q
                         net (fo=2, routed)           0.168     1.827    cd/genblk1[0].cd1_/divided_clk_reg_0
    SLICE_X5Y102         LUT1 (Prop_lut1_I0_O)        0.045     1.872 r  cd/genblk1[0].cd1_/divided_clk_i_1__0/O
                         net (fo=1, routed)           0.000     1.872    cd/genblk1[0].cd1_/p_0_in
    SLICE_X5Y102         FDCE                                         r  cd/genblk1[0].cd1_/divided_clk_reg/D
  -------------------------------------------------------------------    -------------------

                         (clock sys_clk_pin rise edge)
                                                      0.000     0.000 r  
    E3                                                0.000     0.000 r  CLK (IN)
                         net (fo=0)                   0.000     0.000    CLK
    E3                   IBUF (Prop_ibuf_I_O)         0.438     0.438 r  CLK_IBUF_inst/O
                         net (fo=1, routed)           0.699     1.136    CLK_IBUF
    BUFGCTRL_X0Y16       BUFG (Prop_bufg_I_O)         0.029     1.165 r  CLK_IBUF_BUFG_inst/O
                         net (fo=1, routed)           0.868     2.034    cd/genblk1[0].cd1_/CLK_IBUF_BUFG
    SLICE_X5Y102         FDCE                                         r  cd/genblk1[0].cd1_/divided_clk_reg/C
                         clock pessimism             -0.516     1.517    
    SLICE_X5Y102         FDCE (Hold_fdce_C_D)         0.091     1.608    cd/genblk1[0].cd1_/divided_clk_reg
  -------------------------------------------------------------------
                         required time                         -1.608    
                         arrival time                           1.872    
  -------------------------------------------------------------------
                         slack                                  0.263    





Pulse Width Checks
--------------------------------------------------------------------------------------
Clock Name:         sys_clk_pin
Waveform(ns):       { 0.000 5.000 }
Period(ns):         10.000
Sources:            { CLK }

Check Type        Corner  Lib Pin  Reference Pin  Required(ns)  Actual(ns)  Slack(ns)  Location        Pin
Min Period        n/a     BUFG/I   n/a            2.155         10.000      7.845      BUFGCTRL_X0Y16  CLK_IBUF_BUFG_inst/I
Min Period        n/a     FDCE/C   n/a            1.000         10.000      9.000      SLICE_X5Y102    cd/genblk1[0].cd1_/divided_clk_reg/C
Low Pulse Width   Slow    FDCE/C   n/a            0.500         5.000       4.500      SLICE_X5Y102    cd/genblk1[0].cd1_/divided_clk_reg/C
Low Pulse Width   Fast    FDCE/C   n/a            0.500         5.000       4.500      SLICE_X5Y102    cd/genblk1[0].cd1_/divided_clk_reg/C
High Pulse Width  Slow    FDCE/C   n/a            0.500         5.000       4.500      SLICE_X5Y102    cd/genblk1[0].cd1_/divided_clk_reg/C
High Pulse Width  Fast    FDCE/C   n/a            0.500         5.000       4.500      SLICE_X5Y102    cd/genblk1[0].cd1_/divided_clk_reg/C



